0 info it worked if it ends with ok
1 verbose cli [ 'C:\\Program Files\\nodejs\\node.exe',
1 verbose cli   'C:\\Program Files\\nodejs\\node_modules\\npm\\bin\\npm-cli.js',
1 verbose cli   'publish',
1 verbose cli   '--access=public' ]
2 info using npm@3.10.10
3 info using node@v6.9.5
4 verbose publish [ '.' ]
5 silly cache add args [ '.', null ]
6 verbose cache add spec .
7 silly cache add parsed spec Result {
7 silly cache add   raw: '.',
7 silly cache add   scope: null,
7 silly cache add   escapedName: null,
7 silly cache add   name: null,
7 silly cache add   rawSpec: '.',
7 silly cache add   spec: 'C:\\Users\\kevin\\Documents\\GitHub\\proyecto_final\\proyecto-dsi-edna-joseluis-kevin-35l2v3-1-operation-multiplicacion',
7 silly cache add   type: 'directory' }
8 verbose addLocalDirectory C:\Users\kevin\AppData\Roaming\npm-cache\@ull-edna-joseluis-kevin-35l2\ull-operation-multiplicacion\1.0.1\package.tgz not in flight; packing
9 verbose correctMkdir C:\Users\kevin\AppData\Roaming\npm-cache correctMkdir not in flight; initializing
10 info lifecycle @ull-edna-joseluis-kevin-35l2/ull-operation-multiplicacion@1.0.1~prepublish: @ull-edna-joseluis-kevin-35l2/ull-operation-multiplicacion@1.0.1
11 silly lifecycle @ull-edna-joseluis-kevin-35l2/ull-operation-multiplicacion@1.0.1~prepublish: no script for prepublish, continuing
12 verbose tar pack [ 'C:\\Users\\kevin\\AppData\\Roaming\\npm-cache\\@ull-edna-joseluis-kevin-35l2\\ull-operation-multiplicacion\\1.0.1\\package.tgz',
12 verbose tar pack   'C:\\Users\\kevin\\Documents\\GitHub\\proyecto_final\\proyecto-dsi-edna-joseluis-kevin-35l2v3-1-operation-multiplicacion' ]
13 verbose tarball C:\Users\kevin\AppData\Roaming\npm-cache\@ull-edna-joseluis-kevin-35l2\ull-operation-multiplicacion\1.0.1\package.tgz
14 verbose folder C:\Users\kevin\Documents\GitHub\proyecto_final\proyecto-dsi-edna-joseluis-kevin-35l2v3-1-operation-multiplicacion
15 verbose addLocalTarball adding from inside cache C:\Users\kevin\AppData\Roaming\npm-cache\@ull-edna-joseluis-kevin-35l2\ull-operation-multiplicacion\1.0.1\package.tgz
16 verbose correctMkdir C:\Users\kevin\AppData\Roaming\npm-cache correctMkdir not in flight; initializing
17 silly cache afterAdd @ull-edna-joseluis-kevin-35l2/ull-operation-multiplicacion@1.0.1
18 verbose afterAdd C:\Users\kevin\AppData\Roaming\npm-cache\@ull-edna-joseluis-kevin-35l2\ull-operation-multiplicacion\1.0.1\package\package.json not in flight; writing
19 verbose correctMkdir C:\Users\kevin\AppData\Roaming\npm-cache correctMkdir not in flight; initializing
20 verbose afterAdd C:\Users\kevin\AppData\Roaming\npm-cache\@ull-edna-joseluis-kevin-35l2\ull-operation-multiplicacion\1.0.1\package\package.json written
21 silly publish { name: '@ull-edna-joseluis-kevin-35l2/ull-operation-multiplicacion',
21 silly publish   version: '1.0.1',
21 silly publish   description: 'Módulo Multiplicacion',
21 silly publish   main: 'index.js',
21 silly publish   scripts:
21 silly publish    { doc: 'documentation build index.js -f html -o docs',
21 silly publish      test: './node_modules/mocha/bin/mocha' },
21 silly publish   repository:
21 silly publish    { type: 'git',
21 silly publish      url: 'git+https://github.com/ULL-ESIT-DSI-1617/proyecto-dsi-edna-joseluis-kevin-35l2v3-1-operation-multiplicacion.git' },
21 silly publish   author: { name: 'Edna Liliana Galiano Camacho - José Luis Doblado González - Kevin Estévez Expósito' },
21 silly publish   contributors:
21 silly publish    [ { name: 'Edna Liliana Galiano Camacho' },
21 silly publish      { name: 'José Luis Doblado González' },
21 silly publish      { name: 'Kevin Estévez Expósito' } ],
21 silly publish   license: 'ISC',
21 silly publish   bugs: { url: 'https://github.com/ULL-ESIT-DSI-1617/proyecto-dsi-edna-joseluis-kevin-35l2v3-1-operation-multiplicacion/issues' },
21 silly publish   homepage: 'https://github.com/ULL-ESIT-DSI-1617/proyecto-dsi-edna-joseluis-kevin-35l2v3-1-operation-multiplicacion#readme',
21 silly publish   dependencies: { '@ull-edna-joseluis-kevin-35l2/ull-operation': '^1.0.3' },
21 silly publish   devDependencies:
21 silly publish    { chai: '^3.5.0',
21 silly publish      documentation: '^4.0.0-rc.1',
21 silly publish      gulp: '^3.9.1',
21 silly publish      'gulp-shell': '^0.6.3',
21 silly publish      mocha: '^3.4.1' },
21 silly publish   readme: '# operation-multiplicacion\r\n\r\nMódulo Multiplicación. Este módulo permite realizar la operación de multiplicación entre dos dígitos.\r\n\r\n## Módulo Principal\r\n\r\n* [Operation (repository)](https://github.com/ULL-ESIT-DSI-1617/proyecto-dsi-edna-joseluis-kevin-35l2v3-1-operation)\r\n* [Operation (npm)](https://www.npmjs.com/package/@ull-edna-joseluis-kevin-35l2/ull-operation)\r\n\r\n## Módulos Disponibles\r\n\r\n##### Resta\r\n  * [operation-resta (repository)](https://github.com/ULL-ESIT-DSI-1617/proyecto-dsi-edna-joseluis-kevin-35l2v3-1-operation-resta)\r\n  * [operation-resta (npm)](https://www.npmjs.com/package/@ull-edna-joseluis-kevin-35l2/ull-operation-resta)\r\n\r\n\r\n##### Suma\r\n  * [operation-suma (repository)](https://github.com/ULL-ESIT-DSI-1617/proyecto-dsi-edna-joseluis-kevin-35l2v3-1-operation-suma)\r\n  * [operation-suma (npm)](https://www.npmjs.com/package/@ull-edna-joseluis-kevin-35l2/ull-operation-suma)\r\n\r\n## Documentación\r\n\r\n[Documentación del Modulo Multiplicacion](https://ull-esit-dsi-1617.github.io/proyecto-dsi-edna-joseluis-kevin-35l2v3-1-operation-multiplicacion/)\r\n\r\n## Travis\r\n\r\n[![BuildStatus](https://travis-ci.org/ULL-ESIT-DSI-1617/proyecto-dsi-edna-joseluis-kevin-35l2v3-1-operation-multiplicacion.svg?branch=master)](https://travis-ci.org/ULL-ESIT-DSI-1617/proyecto-dsi-edna-joseluis-kevin-35l2v3-1-operation-multiplicacion)\r\n\r\n\r\n## Asignatura DSI ULL\r\n\r\n[Desarrollo de Sistemas Informáticos](https://campusvirtual.ull.es/1617/course/view.php?id=1136)\r\n\r\n## Enlace descripción del proyecto\r\n\r\n[Proyecto](https://casianorodriguezleon.gitbooks.io/ull-esit-1617/content/proyectos/dsi/)\r\n\r\n## Autores\r\n\r\nEdna Liliana Galiano Camacho  \r\n* [Github](https://github.com/ednagc)\r\n* [Pagina personal](https://ednagc.github.io/edna-galiano/)\r\n\r\nJosé Luis Doblado González  \r\n* [Github](https://github.com/alu0100767001)\r\n* [Pagina personal](https://alu0100767001.github.io/dsi-joseluis/)\r\n\r\nKevin Estévez Expósito  \r\n* [Github](https://github.com/alu0100821390)\r\n* [Pagina personal](http://alu0100821390.github.io)\r\n',
21 silly publish   readmeFilename: 'README.md',
21 silly publish   gitHead: '945a79b82c051b4aa68253dba55eca1cac754346',
21 silly publish   _id: '@ull-edna-joseluis-kevin-35l2/ull-operation-multiplicacion@1.0.1',
21 silly publish   _shasum: '087730529e83454d409f3ef2aa530a7223a52ceb',
21 silly publish   _from: '.' }
22 verbose getPublishConfig undefined
23 silly mapToRegistry name @ull-edna-joseluis-kevin-35l2/ull-operation-multiplicacion
24 silly mapToRegistry scope (from package name) @ull-edna-joseluis-kevin-35l2
25 verbose mapToRegistry no registry URL found in name for scope @ull-edna-joseluis-kevin-35l2
26 silly mapToRegistry scope (from config) @alu0100821390
27 silly mapToRegistry registry https://registry.npmjs.org/
28 silly mapToRegistry data Result {
28 silly mapToRegistry   raw: '@ull-edna-joseluis-kevin-35l2/ull-operation-multiplicacion',
28 silly mapToRegistry   scope: '@ull-edna-joseluis-kevin-35l2',
28 silly mapToRegistry   escapedName: '@ull-edna-joseluis-kevin-35l2%2full-operation-multiplicacion',
28 silly mapToRegistry   name: '@ull-edna-joseluis-kevin-35l2/ull-operation-multiplicacion',
28 silly mapToRegistry   rawSpec: '',
28 silly mapToRegistry   spec: 'latest',
28 silly mapToRegistry   type: 'tag' }
29 silly mapToRegistry uri https://registry.npmjs.org/@ull-edna-joseluis-kevin-35l2%2full-operation-multiplicacion
30 verbose publish registryBase https://registry.npmjs.org/
31 silly publish uploading C:\Users\kevin\AppData\Roaming\npm-cache\@ull-edna-joseluis-kevin-35l2\ull-operation-multiplicacion\1.0.1\package.tgz
32 verbose request uri https://registry.npmjs.org/@ull-edna-joseluis-kevin-35l2%2full-operation-multiplicacion
33 verbose request sending authorization for write operation
34 info attempt registry request try #1 at 10:57:06
35 verbose request using bearer token for auth
36 verbose request id 9fd6772f84cd9e77
37 http request PUT https://registry.npmjs.org/@ull-edna-joseluis-kevin-35l2%2full-operation-multiplicacion
38 http 403 https://registry.npmjs.org/@ull-edna-joseluis-kevin-35l2%2full-operation-multiplicacion
39 verbose headers { 'content-type': 'application/json',
39 verbose headers   'cache-control': 'max-age=0',
39 verbose headers   'content-length': '95',
39 verbose headers   'accept-ranges': 'bytes',
39 verbose headers   date: 'Wed, 17 May 2017 09:57:09 GMT',
39 verbose headers   via: '1.1 varnish',
39 verbose headers   connection: 'keep-alive',
39 verbose headers   'x-served-by': 'cache-mad9435-MAD',
39 verbose headers   'x-cache': 'MISS',
39 verbose headers   'x-cache-hits': '0',
39 verbose headers   'x-timer': 'S1495015026.209661,VS0,VE3210' }
40 verbose request invalidating C:\Users\kevin\AppData\Roaming\npm-cache\registry.npmjs.org\_40ull-edna-joseluis-kevin-35l2_252full-operation-multiplicacion on PUT
41 error publish Failed PUT 403
42 verbose stack Error: "You cannot publish over the previously published version 1.0.1." : @ull-edna-joseluis-kevin-35l2/ull-operation-multiplicacion
42 verbose stack     at makeError (C:\Program Files\nodejs\node_modules\npm\node_modules\npm-registry-client\lib\request.js:302:12)
42 verbose stack     at CachingRegistryClient.<anonymous> (C:\Program Files\nodejs\node_modules\npm\node_modules\npm-registry-client\lib\request.js:290:14)
42 verbose stack     at Request._callback (C:\Program Files\nodejs\node_modules\npm\node_modules\npm-registry-client\lib\request.js:210:14)
42 verbose stack     at Request.self.callback (C:\Program Files\nodejs\node_modules\npm\node_modules\request\request.js:187:22)
42 verbose stack     at emitTwo (events.js:106:13)
42 verbose stack     at Request.emit (events.js:191:7)
42 verbose stack     at Request.<anonymous> (C:\Program Files\nodejs\node_modules\npm\node_modules\request\request.js:1048:10)
42 verbose stack     at emitOne (events.js:96:13)
42 verbose stack     at Request.emit (events.js:188:7)
42 verbose stack     at IncomingMessage.<anonymous> (C:\Program Files\nodejs\node_modules\npm\node_modules\request\request.js:969:12)
43 verbose statusCode 403
44 verbose pkgid @ull-edna-joseluis-kevin-35l2/ull-operation-multiplicacion
45 verbose cwd C:\Users\kevin\Documents\GitHub\proyecto_final\proyecto-dsi-edna-joseluis-kevin-35l2v3-1-operation-multiplicacion
46 error Windows_NT 10.0.15063
47 error argv "C:\\Program Files\\nodejs\\node.exe" "C:\\Program Files\\nodejs\\node_modules\\npm\\bin\\npm-cli.js" "publish" "--access=public"
48 error node v6.9.5
49 error npm  v3.10.10
50 error code E403
51 error "You cannot publish over the previously published version 1.0.1." : @ull-edna-joseluis-kevin-35l2/ull-operation-multiplicacion
52 error If you need help, you may report this error at:
52 error     <https://github.com/npm/npm/issues>
53 verbose exit [ 1, true ]
